TN:
SF:src\errors.js
FNF:0
FNH:0
DA:1,1
DA:2,1
DA:3,1
DA:4,1
DA:5,1
DA:6,1
DA:7,1
DA:8,1
DA:9,1
LF:9
LH:9
BRF:0
BRH:0
end_of_record
TN:
SF:src\models.js
FNF:0
FNH:0
DA:1,1
DA:2,1
DA:3,1
DA:4,1
DA:5,1
DA:6,1
DA:7,1
DA:8,1
DA:9,1
DA:10,1
DA:11,1
DA:12,1
DA:13,1
DA:14,1
DA:15,1
DA:16,1
DA:17,1
DA:18,1
DA:19,1
DA:20,1
DA:21,1
DA:22,1
DA:23,1
DA:24,1
DA:25,1
DA:26,1
DA:27,1
DA:28,1
DA:29,1
DA:30,0
DA:31,0
DA:32,1
DA:33,1
DA:34,1
DA:35,1
DA:36,1
DA:37,1
DA:38,1
DA:39,1
DA:40,1
DA:41,1
DA:42,1
DA:43,1
DA:44,1
DA:45,1
DA:46,1
DA:47,1
LF:47
LH:45
BRF:0
BRH:0
end_of_record
TN:
SF:src\services\dashboard_service.js
FN:3,Object.<anonymous>.exports.listMyHouses
FNF:1
FNH:1
FNDA:1,Object.<anonymous>.exports.listMyHouses
DA:1,1
DA:2,1
DA:3,1
DA:4,1
DA:5,1
DA:6,1
DA:7,1
LF:7
LH:7
BRDA:3,0,0,1
BRF:1
BRH:1
end_of_record
TN:
SF:src\services\house_service.js
FN:7,Object.<anonymous>.exports.createHouse
FN:20,Object.<anonymous>.exports.listHouses
FN:28,Object.<anonymous>.exports.findHouse
FN:39,Object.<anonymous>.exports.updateHouse
FN:68,Object.<anonymous>.exports.deleteHouse
FNF:5
FNH:5
FNDA:1,Object.<anonymous>.exports.createHouse
FNDA:1,Object.<anonymous>.exports.listHouses
FNDA:3,Object.<anonymous>.exports.findHouse
FNDA:5,Object.<anonymous>.exports.updateHouse
FNDA:4,Object.<anonymous>.exports.deleteHouse
DA:1,1
DA:2,1
DA:3,1
DA:4,1
DA:5,1
DA:6,1
DA:7,1
DA:8,1
DA:9,1
DA:10,1
DA:11,1
DA:12,1
DA:13,1
DA:14,1
DA:15,1
DA:16,1
DA:17,1
DA:18,1
DA:19,1
DA:20,1
DA:21,1
DA:22,1
DA:23,1
DA:24,1
DA:25,1
DA:26,1
DA:27,1
DA:28,1
DA:29,3
DA:30,3
DA:31,2
DA:32,2
DA:33,2
DA:34,3
DA:35,1
DA:36,1
DA:37,1
DA:38,1
DA:39,1
DA:40,5
DA:41,5
DA:42,5
DA:43,4
DA:44,4
DA:45,4
DA:46,5
DA:47,3
DA:48,3
DA:49,5
DA:50,1
DA:51,1
DA:52,2
DA:53,2
DA:54,5
DA:55,1
DA:56,1
DA:57,1
DA:58,1
DA:59,1
DA:60,1
DA:61,1
DA:62,1
DA:63,1
DA:64,1
DA:65,1
DA:66,1
DA:67,1
DA:68,1
DA:69,4
DA:70,4
DA:71,4
DA:72,3
DA:73,3
DA:74,3
DA:75,4
DA:76,2
DA:77,2
DA:78,4
DA:79,1
DA:80,1
DA:81,1
DA:82,1
DA:83,1
DA:84,1
DA:85,1
DA:86,1
LF:86
LH:86
BRDA:7,0,0,1
BRDA:20,1,0,1
BRDA:28,2,0,3
BRDA:30,3,0,1
BRDA:31,4,0,2
BRDA:34,5,0,1
BRDA:39,6,0,5
BRDA:42,7,0,1
BRDA:43,8,0,4
BRDA:46,9,0,1
BRDA:47,10,0,3
BRDA:49,11,0,2
BRDA:49,12,0,1
BRDA:51,13,0,2
BRDA:54,14,0,1
BRDA:68,15,0,4
BRDA:71,16,0,1
BRDA:72,17,0,3
BRDA:75,18,0,1
BRDA:76,19,0,2
BRDA:78,20,0,1
BRF:21
BRH:21
end_of_record
TN:
SF:src\services\reserve_service.js
FN:6,Object.<anonymous>.exports.createReserve
FN:33,Object.<anonymous>.exports.listMyReserves
FN:42,Object.<anonymous>.exports.cancelReserve
FNF:3
FNH:3
FNDA:4,Object.<anonymous>.exports.createReserve
FNDA:1,Object.<anonymous>.exports.listMyReserves
FNDA:4,Object.<anonymous>.exports.cancelReserve
DA:1,1
DA:2,1
DA:3,1
DA:4,1
DA:5,1
DA:6,1
DA:7,4
DA:8,4
DA:9,4
DA:10,3
DA:11,3
DA:12,4
DA:13,2
DA:14,2
DA:15,4
DA:16,1
DA:17,1
DA:18,1
DA:19,1
DA:20,1
DA:21,1
DA:22,1
DA:23,1
DA:24,1
DA:25,1
DA:26,1
DA:27,1
DA:28,1
DA:29,1
DA:30,1
DA:31,1
DA:32,1
DA:33,1
DA:34,1
DA:35,1
DA:36,1
DA:37,1
DA:38,1
DA:39,1
DA:40,1
DA:41,1
DA:42,1
DA:43,4
DA:44,4
DA:45,4
DA:46,3
DA:47,3
DA:48,3
DA:49,4
DA:50,2
DA:51,2
DA:52,4
DA:53,1
DA:54,1
DA:55,1
DA:56,1
DA:57,1
DA:58,1
DA:59,1
DA:60,1
LF:60
LH:60
BRDA:6,0,0,4
BRDA:9,1,0,1
BRDA:10,2,0,3
BRDA:12,3,0,1
BRDA:13,4,0,2
BRDA:15,5,0,1
BRDA:33,6,0,1
BRDA:42,7,0,4
BRDA:45,8,0,1
BRDA:46,9,0,3
BRDA:49,10,0,1
BRDA:50,11,0,2
BRDA:52,12,0,1
BRF:13
BRH:13
end_of_record
TN:
SF:src\services\user_service.js
FN:12,validateFields
FN:29,verifyEmail
FN:48,hashPassword
FN:52,generateToken
FN:58,Object.<anonymous>.exports.createUser
FN:76,Object.<anonymous>.exports.authUser
FN:100,Object.<anonymous>.exports.updateUser
FN:136,Object.<anonymous>.exports.findUser
FN:152,Object.<anonymous>.exports.listUsers
FN:156,Object.<anonymous>.exports.softDeleteUser
FN:176,Object.<anonymous>.exports.generateSALT
FNF:11
FNH:10
FNDA:10,validateFields
FNDA:4,verifyEmail
FNDA:4,hashPassword
FNDA:1,generateToken
FNDA:1,Object.<anonymous>.exports.createUser
FNDA:3,Object.<anonymous>.exports.authUser
FNDA:3,Object.<anonymous>.exports.updateUser
FNDA:4,Object.<anonymous>.exports.findUser
FNDA:1,Object.<anonymous>.exports.listUsers
FNDA:2,Object.<anonymous>.exports.softDeleteUser
FNDA:0,Object.<anonymous>.exports.generateSALT
DA:1,1
DA:2,1
DA:3,1
DA:4,1
DA:5,1
DA:6,1
DA:7,1
DA:8,1
DA:9,1
DA:10,1
DA:11,1
DA:12,1
DA:13,10
DA:14,10
DA:15,10
DA:16,21
DA:17,21
DA:18,21
DA:19,2
DA:20,2
DA:21,2
DA:22,2
DA:23,2
DA:24,21
DA:25,8
DA:26,8
DA:27,8
DA:28,1
DA:29,1
DA:30,4
DA:31,4
DA:32,4
DA:33,4
DA:34,4
DA:35,4
DA:36,4
DA:37,4
DA:38,3
DA:39,3
DA:40,3
DA:41,3
DA:42,4
DA:43,2
DA:44,2
DA:45,2
DA:46,2
DA:47,1
DA:48,1
DA:49,4
DA:50,4
DA:51,1
DA:52,1
DA:53,1
DA:54,1
DA:55,1
DA:56,1
DA:57,1
DA:58,1
DA:59,1
DA:60,1
DA:61,1
DA:62,1
DA:63,1
DA:64,1
DA:65,1
DA:66,1
DA:67,1
DA:68,1
DA:69,1
DA:70,1
DA:71,1
DA:72,1
DA:73,1
DA:74,1
DA:75,1
DA:76,1
DA:77,3
DA:78,3
DA:79,3
DA:80,3
DA:81,3
DA:82,3
DA:83,3
DA:84,3
DA:85,3
DA:86,3
DA:87,3
DA:88,3
DA:89,2
DA:90,2
DA:91,2
DA:92,3
DA:93,1
DA:94,1
DA:95,1
DA:96,1
DA:97,1
DA:98,1
DA:99,1
DA:100,1
DA:101,3
DA:102,3
DA:103,3
DA:104,3
DA:105,3
DA:106,3
DA:107,3
DA:108,3
DA:109,3
DA:110,3
DA:111,1
DA:112,1
DA:113,1
DA:114,1
DA:115,1
DA:116,1
DA:117,1
DA:118,1
DA:119,1
DA:120,3
DA:121,0
DA:122,0
DA:123,1
DA:124,1
DA:125,1
DA:126,1
DA:127,1
DA:128,1
DA:129,1
DA:130,1
DA:131,1
DA:132,1
DA:133,1
DA:134,1
DA:135,1
DA:136,1
DA:137,4
DA:138,4
DA:139,4
DA:140,3
DA:141,3
DA:142,3
DA:143,3
DA:144,3
DA:145,3
DA:146,3
DA:147,4
DA:148,1
DA:149,1
DA:150,1
DA:151,1
DA:152,1
DA:153,1
DA:154,1
DA:155,1
DA:156,1
DA:157,2
DA:158,2
DA:159,2
DA:160,1
DA:161,1
DA:162,1
DA:163,1
DA:164,1
DA:165,1
DA:166,1
DA:167,2
DA:168,1
DA:169,1
DA:170,1
DA:171,1
DA:172,1
DA:173,1
DA:174,1
DA:175,1
DA:176,1
DA:177,0
DA:178,0
DA:179,0
DA:180,0
DA:181,1
DA:182,1
DA:183,1
DA:184,1
LF:184
LH:178
BRDA:12,0,0,10
BRDA:15,1,0,21
BRDA:18,2,0,20
BRDA:18,3,0,2
BRDA:24,4,0,8
BRDA:29,5,0,4
BRDA:37,6,0,1
BRDA:38,7,0,3
BRDA:42,8,0,2
BRDA:42,9,0,1
BRDA:48,10,0,4
BRDA:52,11,0,1
BRDA:58,12,0,1
BRDA:76,13,0,3
BRDA:88,14,0,1
BRDA:89,15,0,2
BRDA:92,16,0,1
BRDA:100,17,0,3
BRDA:103,18,0,0
BRDA:110,19,0,2
BRDA:111,20,0,1
BRDA:120,21,0,0
BRDA:122,22,0,1
BRDA:136,23,0,4
BRDA:139,24,0,1
BRDA:140,25,0,3
BRDA:147,26,0,2
BRDA:148,27,0,1
BRDA:152,28,0,1
BRDA:156,29,0,2
BRDA:159,30,0,1
BRDA:167,31,0,0
BRDA:168,32,0,1
BRF:33
BRH:30
end_of_record
