{"C:\\Users\\Avell\\Projetos\\HouseRental\\src\\errors.js": {"path":"C:\\Users\\Avell\\Projetos\\HouseRental\\src\\errors.js","all":false,"statementMap":{"0":{"start":{"line":1,"column":0},"end":{"line":1,"column":62}},"1":{"start":{"line":2,"column":0},"end":{"line":2,"column":0}},"2":{"start":{"line":3,"column":0},"end":{"line":3,"column":82}},"3":{"start":{"line":4,"column":0},"end":{"line":4,"column":76}},"4":{"start":{"line":5,"column":0},"end":{"line":5,"column":78}},"5":{"start":{"line":6,"column":0},"end":{"line":6,"column":70}},"6":{"start":{"line":7,"column":0},"end":{"line":7,"column":62}},"7":{"start":{"line":8,"column":0},"end":{"line":8,"column":69}}},"s":{"0":1,"1":1,"2":1,"3":1,"4":1,"5":1,"6":1,"7":1},"branchMap":{},"b":{},"fnMap":{},"f":{}}
,"C:\\Users\\Avell\\Projetos\\HouseRental\\src\\models.js": {"path":"C:\\Users\\Avell\\Projetos\\HouseRental\\src\\models.js","all":false,"statementMap":{"0":{"start":{"line":1,"column":0},"end":{"line":1,"column":26}},"1":{"start":{"line":2,"column":0},"end":{"line":2,"column":37}},"2":{"start":{"line":3,"column":0},"end":{"line":3,"column":0}},"3":{"start":{"line":4,"column":0},"end":{"line":4,"column":45}},"4":{"start":{"line":5,"column":0},"end":{"line":5,"column":0}},"5":{"start":{"line":6,"column":0},"end":{"line":6,"column":31}},"6":{"start":{"line":7,"column":0},"end":{"line":7,"column":21}},"7":{"start":{"line":8,"column":0},"end":{"line":8,"column":18}},"8":{"start":{"line":9,"column":0},"end":{"line":9,"column":21}},"9":{"start":{"line":10,"column":0},"end":{"line":10,"column":19}},"10":{"start":{"line":11,"column":0},"end":{"line":11,"column":2}},"11":{"start":{"line":12,"column":0},"end":{"line":12,"column":0}},"12":{"start":{"line":13,"column":0},"end":{"line":13,"column":40}},"13":{"start":{"line":14,"column":0},"end":{"line":14,"column":0}},"14":{"start":{"line":15,"column":0},"end":{"line":15,"column":32}},"15":{"start":{"line":16,"column":0},"end":{"line":16,"column":22}},"16":{"start":{"line":17,"column":0},"end":{"line":17,"column":24}},"17":{"start":{"line":18,"column":0},"end":{"line":18,"column":18}},"18":{"start":{"line":19,"column":0},"end":{"line":19,"column":23}},"19":{"start":{"line":20,"column":0},"end":{"line":20,"column":11}},"20":{"start":{"line":21,"column":0},"end":{"line":21,"column":36}},"21":{"start":{"line":22,"column":0},"end":{"line":22,"column":19}},"22":{"start":{"line":23,"column":0},"end":{"line":23,"column":5}},"23":{"start":{"line":24,"column":0},"end":{"line":24,"column":4}},"24":{"start":{"line":25,"column":0},"end":{"line":25,"column":30}},"25":{"start":{"line":26,"column":0},"end":{"line":26,"column":2}},"26":{"start":{"line":27,"column":0},"end":{"line":27,"column":0}},"27":{"start":{"line":28,"column":0},"end":{"line":28,"column":54}},"28":{"start":{"line":29,"column":0},"end":{"line":29,"column":61}},"29":{"start":{"line":30,"column":0},"end":{"line":30,"column":2}},"30":{"start":{"line":31,"column":0},"end":{"line":31,"column":0}},"31":{"start":{"line":32,"column":0},"end":{"line":32,"column":43}},"32":{"start":{"line":33,"column":0},"end":{"line":33,"column":0}},"33":{"start":{"line":34,"column":0},"end":{"line":34,"column":34}},"34":{"start":{"line":35,"column":0},"end":{"line":35,"column":17}},"35":{"start":{"line":36,"column":0},"end":{"line":36,"column":11}},"36":{"start":{"line":37,"column":0},"end":{"line":37,"column":36}},"37":{"start":{"line":38,"column":0},"end":{"line":38,"column":19}},"38":{"start":{"line":39,"column":0},"end":{"line":39,"column":6}},"39":{"start":{"line":40,"column":0},"end":{"line":40,"column":12}},"40":{"start":{"line":41,"column":0},"end":{"line":41,"column":36}},"41":{"start":{"line":42,"column":0},"end":{"line":42,"column":20}},"42":{"start":{"line":43,"column":0},"end":{"line":43,"column":5}},"43":{"start":{"line":44,"column":0},"end":{"line":44,"column":2}},"44":{"start":{"line":45,"column":0},"end":{"line":45,"column":0}},"45":{"start":{"line":46,"column":0},"end":{"line":46,"column":49}}},"s":{"0":1,"1":1,"2":1,"3":1,"4":1,"5":1,"6":1,"7":1,"8":1,"9":1,"10":1,"11":1,"12":1,"13":1,"14":1,"15":1,"16":1,"17":1,"18":1,"19":1,"20":1,"21":1,"22":1,"23":1,"24":1,"25":1,"26":1,"27":1,"28":0,"29":0,"30":1,"31":1,"32":1,"33":1,"34":1,"35":1,"36":1,"37":1,"38":1,"39":1,"40":1,"41":1,"42":1,"43":1,"44":1,"45":1},"branchMap":{},"b":{},"fnMap":{},"f":{}}
,"C:\\Users\\Avell\\Projetos\\HouseRental\\src\\services\\dashboard_service.js": {"path":"C:\\Users\\Avell\\Projetos\\HouseRental\\src\\services\\dashboard_service.js","all":false,"statementMap":{"0":{"start":{"line":1,"column":0},"end":{"line":1,"column":38}},"1":{"start":{"line":2,"column":0},"end":{"line":2,"column":0}},"2":{"start":{"line":3,"column":0},"end":{"line":3,"column":42}},"3":{"start":{"line":4,"column":0},"end":{"line":4,"column":53}},"4":{"start":{"line":5,"column":0},"end":{"line":5,"column":0}},"5":{"start":{"line":6,"column":0},"end":{"line":6,"column":17}},"6":{"start":{"line":7,"column":0},"end":{"line":7,"column":1}}},"s":{"0":1,"1":1,"2":1,"3":1,"4":1,"5":1,"6":1},"branchMap":{"0":{"type":"branch","line":3,"loc":{"start":{"line":3,"column":23},"end":{"line":7,"column":1}},"locations":[{"start":{"line":3,"column":23},"end":{"line":7,"column":1}}]}},"b":{"0":[1]},"fnMap":{"0":{"name":"Object.<anonymous>.exports.listMyHouses","decl":{"start":{"line":3,"column":23},"end":{"line":7,"column":1}},"loc":{"start":{"line":3,"column":23},"end":{"line":7,"column":1}},"line":3}},"f":{"0":1}}
,"C:\\Users\\Avell\\Projetos\\HouseRental\\src\\services\\house_service.js": {"path":"C:\\Users\\Avell\\Projetos\\HouseRental\\src\\services\\house_service.js","all":false,"statementMap":{"0":{"start":{"line":1,"column":0},"end":{"line":1,"column":47}},"1":{"start":{"line":2,"column":0},"end":{"line":2,"column":52}},"2":{"start":{"line":3,"column":0},"end":{"line":3,"column":0}},"3":{"start":{"line":4,"column":0},"end":{"line":4,"column":38}},"4":{"start":{"line":5,"column":0},"end":{"line":5,"column":35}},"5":{"start":{"line":6,"column":0},"end":{"line":6,"column":0}},"6":{"start":{"line":7,"column":0},"end":{"line":7,"column":82}},"7":{"start":{"line":8,"column":0},"end":{"line":8,"column":0}},"8":{"start":{"line":9,"column":0},"end":{"line":9,"column":31}},"9":{"start":{"line":10,"column":0},"end":{"line":10,"column":53}},"10":{"start":{"line":11,"column":0},"end":{"line":11,"column":0}},"11":{"start":{"line":12,"column":0},"end":{"line":12,"column":29}},"12":{"start":{"line":13,"column":0},"end":{"line":13,"column":38}},"13":{"start":{"line":14,"column":0},"end":{"line":14,"column":72}},"14":{"start":{"line":15,"column":0},"end":{"line":15,"column":6}},"15":{"start":{"line":16,"column":0},"end":{"line":16,"column":0}},"16":{"start":{"line":17,"column":0},"end":{"line":17,"column":16}},"17":{"start":{"line":18,"column":0},"end":{"line":18,"column":1}},"18":{"start":{"line":19,"column":0},"end":{"line":19,"column":0}},"19":{"start":{"line":20,"column":0},"end":{"line":20,"column":43}},"20":{"start":{"line":21,"column":0},"end":{"line":21,"column":28}},"21":{"start":{"line":22,"column":0},"end":{"line":22,"column":50}},"22":{"start":{"line":23,"column":0},"end":{"line":23,"column":0}},"23":{"start":{"line":24,"column":0},"end":{"line":24,"column":17}},"24":{"start":{"line":25,"column":0},"end":{"line":25,"column":1}},"25":{"start":{"line":26,"column":0},"end":{"line":26,"column":0}},"26":{"start":{"line":27,"column":0},"end":{"line":27,"column":57}},"27":{"start":{"line":28,"column":0},"end":{"line":28,"column":0}},"28":{"start":{"line":29,"column":0},"end":{"line":29,"column":32}},"29":{"start":{"line":30,"column":0},"end":{"line":30,"column":57}},"30":{"start":{"line":31,"column":0},"end":{"line":31,"column":0}},"31":{"start":{"line":32,"column":0},"end":{"line":32,"column":26}},"32":{"start":{"line":33,"column":0},"end":{"line":33,"column":55}},"33":{"start":{"line":34,"column":0},"end":{"line":34,"column":38}},"34":{"start":{"line":35,"column":0},"end":{"line":35,"column":0}},"35":{"start":{"line":36,"column":0},"end":{"line":36,"column":35}},"36":{"start":{"line":37,"column":0},"end":{"line":37,"column":50}},"37":{"start":{"line":38,"column":0},"end":{"line":38,"column":31}},"38":{"start":{"line":39,"column":0},"end":{"line":39,"column":5}},"39":{"start":{"line":40,"column":0},"end":{"line":40,"column":0}},"40":{"start":{"line":41,"column":0},"end":{"line":41,"column":34}},"41":{"start":{"line":42,"column":0},"end":{"line":42,"column":42}},"42":{"start":{"line":43,"column":0},"end":{"line":43,"column":31}},"43":{"start":{"line":44,"column":0},"end":{"line":44,"column":5}},"44":{"start":{"line":45,"column":0},"end":{"line":45,"column":0}},"45":{"start":{"line":46,"column":0},"end":{"line":46,"column":31}},"46":{"start":{"line":47,"column":0},"end":{"line":47,"column":25}},"47":{"start":{"line":48,"column":0},"end":{"line":48,"column":0}},"48":{"start":{"line":49,"column":0},"end":{"line":49,"column":31}},"49":{"start":{"line":50,"column":0},"end":{"line":50,"column":55}},"50":{"start":{"line":51,"column":0},"end":{"line":51,"column":54}},"51":{"start":{"line":52,"column":0},"end":{"line":52,"column":0}},"52":{"start":{"line":53,"column":0},"end":{"line":53,"column":23}},"53":{"start":{"line":54,"column":0},"end":{"line":54,"column":1}},"54":{"start":{"line":55,"column":0},"end":{"line":55,"column":0}},"55":{"start":{"line":56,"column":0},"end":{"line":56,"column":50}},"56":{"start":{"line":57,"column":0},"end":{"line":57,"column":0}},"57":{"start":{"line":58,"column":0},"end":{"line":58,"column":32}},"58":{"start":{"line":59,"column":0},"end":{"line":59,"column":57}},"59":{"start":{"line":60,"column":0},"end":{"line":60,"column":0}},"60":{"start":{"line":61,"column":0},"end":{"line":61,"column":26}},"61":{"start":{"line":62,"column":0},"end":{"line":62,"column":55}},"62":{"start":{"line":63,"column":0},"end":{"line":63,"column":38}},"63":{"start":{"line":64,"column":0},"end":{"line":64,"column":0}},"64":{"start":{"line":65,"column":0},"end":{"line":65,"column":34}},"65":{"start":{"line":66,"column":0},"end":{"line":66,"column":42}},"66":{"start":{"line":67,"column":0},"end":{"line":67,"column":31}},"67":{"start":{"line":68,"column":0},"end":{"line":68,"column":5}},"68":{"start":{"line":69,"column":0},"end":{"line":69,"column":0}},"69":{"start":{"line":70,"column":0},"end":{"line":70,"column":38}},"70":{"start":{"line":71,"column":0},"end":{"line":71,"column":59}},"71":{"start":{"line":72,"column":0},"end":{"line":72,"column":0}},"72":{"start":{"line":73,"column":0},"end":{"line":73,"column":18}},"73":{"start":{"line":74,"column":0},"end":{"line":74,"column":1}}},"s":{"0":1,"1":1,"2":1,"3":1,"4":1,"5":1,"6":1,"7":1,"8":1,"9":1,"10":1,"11":1,"12":1,"13":1,"14":1,"15":1,"16":1,"17":1,"18":1,"19":1,"20":1,"21":1,"22":1,"23":1,"24":1,"25":1,"26":1,"27":5,"28":5,"29":5,"30":4,"31":4,"32":4,"33":5,"34":3,"35":3,"36":5,"37":1,"38":1,"39":2,"40":2,"41":5,"42":1,"43":1,"44":1,"45":1,"46":1,"47":1,"48":1,"49":1,"50":1,"51":1,"52":1,"53":1,"54":1,"55":1,"56":4,"57":4,"58":4,"59":3,"60":3,"61":3,"62":4,"63":2,"64":2,"65":4,"66":1,"67":1,"68":1,"69":1,"70":1,"71":1,"72":1,"73":1},"branchMap":{"0":{"type":"branch","line":7,"loc":{"start":{"line":7,"column":22},"end":{"line":18,"column":1}},"locations":[{"start":{"line":7,"column":22},"end":{"line":18,"column":1}}]},"1":{"type":"branch","line":20,"loc":{"start":{"line":20,"column":21},"end":{"line":25,"column":1}},"locations":[{"start":{"line":20,"column":21},"end":{"line":25,"column":1}}]},"2":{"type":"branch","line":27,"loc":{"start":{"line":27,"column":22},"end":{"line":54,"column":1}},"locations":[{"start":{"line":27,"column":22},"end":{"line":54,"column":1}}]},"3":{"type":"branch","line":30,"loc":{"start":{"line":30,"column":35},"end":{"line":30,"column":57}},"locations":[{"start":{"line":30,"column":35},"end":{"line":30,"column":57}}]},"4":{"type":"branch","line":31,"loc":{"start":{"line":31,"column":-2},"end":{"line":34,"column":16}},"locations":[{"start":{"line":31,"column":-2},"end":{"line":34,"column":16}}]},"5":{"type":"branch","line":34,"loc":{"start":{"line":34,"column":16},"end":{"line":34,"column":38}},"locations":[{"start":{"line":34,"column":16},"end":{"line":34,"column":38}}]},"6":{"type":"branch","line":35,"loc":{"start":{"line":35,"column":-2},"end":{"line":37,"column":22}},"locations":[{"start":{"line":35,"column":-2},"end":{"line":37,"column":22}}]},"7":{"type":"branch","line":37,"loc":{"start":{"line":37,"column":18},"end":{"line":37,"column":47}},"locations":[{"start":{"line":37,"column":18},"end":{"line":37,"column":47}}]},"8":{"type":"branch","line":37,"loc":{"start":{"line":37,"column":49},"end":{"line":39,"column":5}},"locations":[{"start":{"line":37,"column":49},"end":{"line":39,"column":5}}]},"9":{"type":"branch","line":39,"loc":{"start":{"line":39,"column":4},"end":{"line":42,"column":41}},"locations":[{"start":{"line":39,"column":4},"end":{"line":42,"column":41}}]},"10":{"type":"branch","line":42,"loc":{"start":{"line":42,"column":41},"end":{"line":54,"column":1}},"locations":[{"start":{"line":42,"column":41},"end":{"line":54,"column":1}}]},"11":{"type":"branch","line":56,"loc":{"start":{"line":56,"column":22},"end":{"line":74,"column":1}},"locations":[{"start":{"line":56,"column":22},"end":{"line":74,"column":1}}]},"12":{"type":"branch","line":59,"loc":{"start":{"line":59,"column":35},"end":{"line":59,"column":57}},"locations":[{"start":{"line":59,"column":35},"end":{"line":59,"column":57}}]},"13":{"type":"branch","line":60,"loc":{"start":{"line":60,"column":-2},"end":{"line":63,"column":16}},"locations":[{"start":{"line":60,"column":-2},"end":{"line":63,"column":16}}]},"14":{"type":"branch","line":63,"loc":{"start":{"line":63,"column":16},"end":{"line":63,"column":38}},"locations":[{"start":{"line":63,"column":16},"end":{"line":63,"column":38}}]},"15":{"type":"branch","line":64,"loc":{"start":{"line":64,"column":-2},"end":{"line":66,"column":41}},"locations":[{"start":{"line":64,"column":-2},"end":{"line":66,"column":41}}]},"16":{"type":"branch","line":66,"loc":{"start":{"line":66,"column":41},"end":{"line":74,"column":1}},"locations":[{"start":{"line":66,"column":41},"end":{"line":74,"column":1}}]}},"b":{"0":[1],"1":[1],"2":[5],"3":[1],"4":[4],"5":[1],"6":[3],"7":[2],"8":[1],"9":[2],"10":[1],"11":[4],"12":[1],"13":[3],"14":[1],"15":[2],"16":[1]},"fnMap":{"0":{"name":"Object.<anonymous>.exports.createHouse","decl":{"start":{"line":7,"column":22},"end":{"line":18,"column":1}},"loc":{"start":{"line":7,"column":22},"end":{"line":18,"column":1}},"line":7},"1":{"name":"Object.<anonymous>.exports.listHouses","decl":{"start":{"line":20,"column":21},"end":{"line":25,"column":1}},"loc":{"start":{"line":20,"column":21},"end":{"line":25,"column":1}},"line":20},"2":{"name":"Object.<anonymous>.exports.updateHouse","decl":{"start":{"line":27,"column":22},"end":{"line":54,"column":1}},"loc":{"start":{"line":27,"column":22},"end":{"line":54,"column":1}},"line":27},"3":{"name":"Object.<anonymous>.exports.deleteHouse","decl":{"start":{"line":56,"column":22},"end":{"line":74,"column":1}},"loc":{"start":{"line":56,"column":22},"end":{"line":74,"column":1}},"line":56}},"f":{"0":1,"1":1,"2":5,"3":4}}
,"C:\\Users\\Avell\\Projetos\\HouseRental\\src\\services\\reserve_service.js": {"path":"C:\\Users\\Avell\\Projetos\\HouseRental\\src\\services\\reserve_service.js","all":false,"statementMap":{"0":{"start":{"line":1,"column":0},"end":{"line":1,"column":47}},"1":{"start":{"line":2,"column":0},"end":{"line":2,"column":0}},"2":{"start":{"line":3,"column":0},"end":{"line":3,"column":47}},"3":{"start":{"line":4,"column":0},"end":{"line":4,"column":35}},"4":{"start":{"line":5,"column":0},"end":{"line":5,"column":0}},"5":{"start":{"line":6,"column":0},"end":{"line":6,"column":58}},"6":{"start":{"line":7,"column":0},"end":{"line":7,"column":0}},"7":{"start":{"line":8,"column":0},"end":{"line":8,"column":31}},"8":{"start":{"line":9,"column":0},"end":{"line":9,"column":57}},"9":{"start":{"line":10,"column":0},"end":{"line":10,"column":0}},"10":{"start":{"line":11,"column":0},"end":{"line":11,"column":55}},"11":{"start":{"line":12,"column":0},"end":{"line":12,"column":37}},"12":{"start":{"line":13,"column":0},"end":{"line":13,"column":0}},"13":{"start":{"line":14,"column":0},"end":{"line":14,"column":38}},"14":{"start":{"line":15,"column":0},"end":{"line":15,"column":40}},"15":{"start":{"line":16,"column":0},"end":{"line":16,"column":31}},"16":{"start":{"line":17,"column":0},"end":{"line":17,"column":5}},"17":{"start":{"line":18,"column":0},"end":{"line":18,"column":0}},"18":{"start":{"line":19,"column":0},"end":{"line":19,"column":39}},"19":{"start":{"line":20,"column":0},"end":{"line":20,"column":43}},"20":{"start":{"line":21,"column":0},"end":{"line":21,"column":29}},"21":{"start":{"line":22,"column":0},"end":{"line":22,"column":0}},"22":{"start":{"line":23,"column":0},"end":{"line":23,"column":22}},"23":{"start":{"line":24,"column":0},"end":{"line":24,"column":41}},"24":{"start":{"line":25,"column":0},"end":{"line":25,"column":47}},"25":{"start":{"line":26,"column":0},"end":{"line":26,"column":0}},"26":{"start":{"line":27,"column":0},"end":{"line":27,"column":43}},"27":{"start":{"line":28,"column":0},"end":{"line":28,"column":44}},"28":{"start":{"line":29,"column":0},"end":{"line":29,"column":0}},"29":{"start":{"line":30,"column":0},"end":{"line":30,"column":18}},"30":{"start":{"line":31,"column":0},"end":{"line":31,"column":1}},"31":{"start":{"line":32,"column":0},"end":{"line":32,"column":0}},"32":{"start":{"line":33,"column":0},"end":{"line":33,"column":44}},"33":{"start":{"line":34,"column":0},"end":{"line":34,"column":0}},"34":{"start":{"line":35,"column":0},"end":{"line":35,"column":57}},"35":{"start":{"line":36,"column":0},"end":{"line":36,"column":0}},"36":{"start":{"line":37,"column":0},"end":{"line":37,"column":45}},"37":{"start":{"line":38,"column":0},"end":{"line":38,"column":0}},"38":{"start":{"line":39,"column":0},"end":{"line":39,"column":19}},"39":{"start":{"line":40,"column":0},"end":{"line":40,"column":1}},"40":{"start":{"line":41,"column":0},"end":{"line":41,"column":0}},"41":{"start":{"line":42,"column":0},"end":{"line":42,"column":54}},"42":{"start":{"line":43,"column":0},"end":{"line":43,"column":0}},"43":{"start":{"line":44,"column":0},"end":{"line":44,"column":32}},"44":{"start":{"line":45,"column":0},"end":{"line":45,"column":59}},"45":{"start":{"line":46,"column":0},"end":{"line":46,"column":0}},"46":{"start":{"line":47,"column":0},"end":{"line":47,"column":28}},"47":{"start":{"line":48,"column":0},"end":{"line":48,"column":61}},"48":{"start":{"line":49,"column":0},"end":{"line":49,"column":39}},"49":{"start":{"line":50,"column":0},"end":{"line":50,"column":0}},"50":{"start":{"line":51,"column":0},"end":{"line":51,"column":40}},"51":{"start":{"line":52,"column":0},"end":{"line":52,"column":64}},"52":{"start":{"line":53,"column":0},"end":{"line":53,"column":0}},"53":{"start":{"line":54,"column":0},"end":{"line":54,"column":38}},"54":{"start":{"line":55,"column":0},"end":{"line":55,"column":49}},"55":{"start":{"line":56,"column":0},"end":{"line":56,"column":28}},"56":{"start":{"line":57,"column":0},"end":{"line":57,"column":0}},"57":{"start":{"line":58,"column":0},"end":{"line":58,"column":26}},"58":{"start":{"line":59,"column":0},"end":{"line":59,"column":54}},"59":{"start":{"line":60,"column":0},"end":{"line":60,"column":1}}},"s":{"0":1,"1":1,"2":1,"3":1,"4":1,"5":1,"6":4,"7":4,"8":4,"9":3,"10":3,"11":4,"12":2,"13":2,"14":4,"15":1,"16":1,"17":1,"18":1,"19":1,"20":1,"21":1,"22":1,"23":1,"24":1,"25":1,"26":1,"27":1,"28":1,"29":1,"30":1,"31":1,"32":1,"33":1,"34":1,"35":1,"36":1,"37":1,"38":1,"39":1,"40":1,"41":1,"42":4,"43":4,"44":4,"45":3,"46":3,"47":3,"48":4,"49":2,"50":2,"51":4,"52":1,"53":1,"54":1,"55":1,"56":1,"57":1,"58":1,"59":1},"branchMap":{"0":{"type":"branch","line":6,"loc":{"start":{"line":6,"column":24},"end":{"line":31,"column":1}},"locations":[{"start":{"line":6,"column":24},"end":{"line":31,"column":1}}]},"1":{"type":"branch","line":9,"loc":{"start":{"line":9,"column":35},"end":{"line":9,"column":57}},"locations":[{"start":{"line":9,"column":35},"end":{"line":9,"column":57}}]},"2":{"type":"branch","line":10,"loc":{"start":{"line":10,"column":-2},"end":{"line":12,"column":16}},"locations":[{"start":{"line":10,"column":-2},"end":{"line":12,"column":16}}]},"3":{"type":"branch","line":12,"loc":{"start":{"line":12,"column":16},"end":{"line":12,"column":37}},"locations":[{"start":{"line":12,"column":16},"end":{"line":12,"column":37}}]},"4":{"type":"branch","line":13,"loc":{"start":{"line":13,"column":-2},"end":{"line":15,"column":39}},"locations":[{"start":{"line":13,"column":-2},"end":{"line":15,"column":39}}]},"5":{"type":"branch","line":15,"loc":{"start":{"line":15,"column":39},"end":{"line":31,"column":1}},"locations":[{"start":{"line":15,"column":39},"end":{"line":31,"column":1}}]},"6":{"type":"branch","line":33,"loc":{"start":{"line":33,"column":25},"end":{"line":40,"column":1}},"locations":[{"start":{"line":33,"column":25},"end":{"line":40,"column":1}}]},"7":{"type":"branch","line":42,"loc":{"start":{"line":42,"column":24},"end":{"line":60,"column":1}},"locations":[{"start":{"line":42,"column":24},"end":{"line":60,"column":1}}]},"8":{"type":"branch","line":45,"loc":{"start":{"line":45,"column":37},"end":{"line":45,"column":59}},"locations":[{"start":{"line":45,"column":37},"end":{"line":45,"column":59}}]},"9":{"type":"branch","line":46,"loc":{"start":{"line":46,"column":-2},"end":{"line":49,"column":18}},"locations":[{"start":{"line":46,"column":-2},"end":{"line":49,"column":18}}]},"10":{"type":"branch","line":49,"loc":{"start":{"line":49,"column":18},"end":{"line":49,"column":39}},"locations":[{"start":{"line":49,"column":18},"end":{"line":49,"column":39}}]},"11":{"type":"branch","line":50,"loc":{"start":{"line":50,"column":-2},"end":{"line":52,"column":41}},"locations":[{"start":{"line":50,"column":-2},"end":{"line":52,"column":41}}]},"12":{"type":"branch","line":52,"loc":{"start":{"line":52,"column":41},"end":{"line":60,"column":1}},"locations":[{"start":{"line":52,"column":41},"end":{"line":60,"column":1}}]}},"b":{"0":[4],"1":[1],"2":[3],"3":[1],"4":[2],"5":[1],"6":[1],"7":[4],"8":[1],"9":[3],"10":[1],"11":[2],"12":[1]},"fnMap":{"0":{"name":"Object.<anonymous>.exports.createReserve","decl":{"start":{"line":6,"column":24},"end":{"line":31,"column":1}},"loc":{"start":{"line":6,"column":24},"end":{"line":31,"column":1}},"line":6},"1":{"name":"Object.<anonymous>.exports.listMyReserves","decl":{"start":{"line":33,"column":25},"end":{"line":40,"column":1}},"loc":{"start":{"line":33,"column":25},"end":{"line":40,"column":1}},"line":33},"2":{"name":"Object.<anonymous>.exports.cancelReserve","decl":{"start":{"line":42,"column":24},"end":{"line":60,"column":1}},"loc":{"start":{"line":42,"column":24},"end":{"line":60,"column":1}},"line":42}},"f":{"0":4,"1":1,"2":4}}
,"C:\\Users\\Avell\\Projetos\\HouseRental\\src\\services\\user_service.js": {"path":"C:\\Users\\Avell\\Projetos\\HouseRental\\src\\services\\user_service.js","all":false,"statementMap":{"0":{"start":{"line":1,"column":0},"end":{"line":1,"column":26}},"1":{"start":{"line":2,"column":0},"end":{"line":2,"column":0}},"2":{"start":{"line":3,"column":0},"end":{"line":3,"column":47}},"3":{"start":{"line":4,"column":0},"end":{"line":4,"column":35}},"4":{"start":{"line":5,"column":0},"end":{"line":5,"column":32}},"5":{"start":{"line":6,"column":0},"end":{"line":6,"column":0}},"6":{"start":{"line":7,"column":0},"end":{"line":7,"column":37}},"7":{"start":{"line":8,"column":0},"end":{"line":8,"column":35}},"8":{"start":{"line":9,"column":0},"end":{"line":9,"column":0}},"9":{"start":{"line":10,"column":0},"end":{"line":10,"column":72}},"10":{"start":{"line":11,"column":0},"end":{"line":11,"column":0}},"11":{"start":{"line":12,"column":0},"end":{"line":12,"column":35}},"12":{"start":{"line":13,"column":0},"end":{"line":13,"column":0}},"13":{"start":{"line":14,"column":0},"end":{"line":14,"column":43}},"14":{"start":{"line":15,"column":0},"end":{"line":15,"column":30}},"15":{"start":{"line":16,"column":0},"end":{"line":16,"column":0}},"16":{"start":{"line":17,"column":0},"end":{"line":17,"column":45}},"17":{"start":{"line":18,"column":0},"end":{"line":18,"column":54}},"18":{"start":{"line":19,"column":0},"end":{"line":19,"column":19}},"19":{"start":{"line":20,"column":0},"end":{"line":20,"column":62}},"20":{"start":{"line":21,"column":0},"end":{"line":21,"column":31}},"21":{"start":{"line":22,"column":0},"end":{"line":22,"column":13}},"22":{"start":{"line":23,"column":0},"end":{"line":23,"column":9}},"23":{"start":{"line":24,"column":0},"end":{"line":24,"column":5}},"24":{"start":{"line":25,"column":0},"end":{"line":25,"column":0}},"25":{"start":{"line":26,"column":0},"end":{"line":26,"column":15}},"26":{"start":{"line":27,"column":0},"end":{"line":27,"column":1}},"27":{"start":{"line":28,"column":0},"end":{"line":28,"column":0}},"28":{"start":{"line":29,"column":0},"end":{"line":29,"column":38}},"29":{"start":{"line":30,"column":0},"end":{"line":30,"column":0}},"30":{"start":{"line":31,"column":0},"end":{"line":31,"column":28}},"31":{"start":{"line":32,"column":0},"end":{"line":32,"column":37}},"32":{"start":{"line":33,"column":0},"end":{"line":33,"column":14}},"33":{"start":{"line":34,"column":0},"end":{"line":34,"column":37}},"34":{"start":{"line":35,"column":0},"end":{"line":35,"column":6}},"35":{"start":{"line":36,"column":0},"end":{"line":36,"column":0}},"36":{"start":{"line":37,"column":0},"end":{"line":37,"column":41}},"37":{"start":{"line":38,"column":0},"end":{"line":38,"column":0}},"38":{"start":{"line":39,"column":0},"end":{"line":39,"column":41}},"39":{"start":{"line":40,"column":0},"end":{"line":40,"column":55}},"40":{"start":{"line":41,"column":0},"end":{"line":41,"column":0}},"41":{"start":{"line":42,"column":0},"end":{"line":42,"column":58}},"42":{"start":{"line":43,"column":0},"end":{"line":43,"column":0}},"43":{"start":{"line":44,"column":0},"end":{"line":44,"column":15}},"44":{"start":{"line":45,"column":0},"end":{"line":45,"column":1}},"45":{"start":{"line":46,"column":0},"end":{"line":46,"column":0}},"46":{"start":{"line":47,"column":0},"end":{"line":47,"column":36}},"47":{"start":{"line":48,"column":0},"end":{"line":48,"column":50}},"48":{"start":{"line":49,"column":0},"end":{"line":49,"column":1}},"49":{"start":{"line":50,"column":0},"end":{"line":50,"column":0}},"50":{"start":{"line":51,"column":0},"end":{"line":51,"column":35}},"51":{"start":{"line":52,"column":0},"end":{"line":52,"column":84}},"52":{"start":{"line":53,"column":0},"end":{"line":53,"column":1}},"53":{"start":{"line":54,"column":0},"end":{"line":54,"column":0}},"54":{"start":{"line":55,"column":0},"end":{"line":55,"column":72}},"55":{"start":{"line":56,"column":0},"end":{"line":56,"column":0}},"56":{"start":{"line":57,"column":0},"end":{"line":57,"column":59}},"57":{"start":{"line":58,"column":0},"end":{"line":58,"column":0}},"58":{"start":{"line":59,"column":0},"end":{"line":59,"column":31}},"59":{"start":{"line":60,"column":0},"end":{"line":60,"column":49}},"60":{"start":{"line":61,"column":0},"end":{"line":61,"column":0}},"61":{"start":{"line":62,"column":0},"end":{"line":62,"column":47}},"62":{"start":{"line":63,"column":0},"end":{"line":63,"column":28}},"63":{"start":{"line":64,"column":0},"end":{"line":64,"column":0}},"64":{"start":{"line":65,"column":0},"end":{"line":65,"column":35}},"65":{"start":{"line":66,"column":0},"end":{"line":66,"column":56}},"66":{"start":{"line":67,"column":0},"end":{"line":67,"column":0}},"67":{"start":{"line":68,"column":0},"end":{"line":68,"column":28}},"68":{"start":{"line":69,"column":0},"end":{"line":69,"column":64}},"69":{"start":{"line":70,"column":0},"end":{"line":70,"column":41}},"70":{"start":{"line":71,"column":0},"end":{"line":71,"column":0}},"71":{"start":{"line":72,"column":0},"end":{"line":72,"column":15}},"72":{"start":{"line":73,"column":0},"end":{"line":73,"column":1}},"73":{"start":{"line":74,"column":0},"end":{"line":74,"column":0}},"74":{"start":{"line":75,"column":0},"end":{"line":75,"column":50}},"75":{"start":{"line":76,"column":0},"end":{"line":76,"column":0}},"76":{"start":{"line":77,"column":0},"end":{"line":77,"column":28}},"77":{"start":{"line":78,"column":0},"end":{"line":78,"column":42}},"78":{"start":{"line":79,"column":0},"end":{"line":79,"column":0}},"79":{"start":{"line":80,"column":0},"end":{"line":80,"column":32}},"80":{"start":{"line":81,"column":0},"end":{"line":81,"column":0}},"81":{"start":{"line":82,"column":0},"end":{"line":82,"column":37}},"82":{"start":{"line":83,"column":0},"end":{"line":83,"column":17}},"83":{"start":{"line":84,"column":0},"end":{"line":84,"column":37}},"84":{"start":{"line":85,"column":0},"end":{"line":85,"column":6}},"85":{"start":{"line":86,"column":0},"end":{"line":86,"column":0}},"86":{"start":{"line":87,"column":0},"end":{"line":87,"column":44}},"87":{"start":{"line":88,"column":0},"end":{"line":88,"column":0}},"88":{"start":{"line":89,"column":0},"end":{"line":89,"column":46}},"89":{"start":{"line":90,"column":0},"end":{"line":90,"column":55}},"90":{"start":{"line":91,"column":0},"end":{"line":91,"column":37}},"91":{"start":{"line":92,"column":0},"end":{"line":92,"column":0}},"92":{"start":{"line":93,"column":0},"end":{"line":93,"column":19}},"93":{"start":{"line":94,"column":0},"end":{"line":94,"column":41}},"94":{"start":{"line":95,"column":0},"end":{"line":95,"column":0}},"95":{"start":{"line":96,"column":0},"end":{"line":96,"column":41}},"96":{"start":{"line":97,"column":0},"end":{"line":97,"column":1}},"97":{"start":{"line":98,"column":0},"end":{"line":98,"column":0}},"98":{"start":{"line":99,"column":0},"end":{"line":99,"column":43}},"99":{"start":{"line":100,"column":0},"end":{"line":100,"column":0}},"100":{"start":{"line":101,"column":0},"end":{"line":101,"column":32}},"101":{"start":{"line":102,"column":0},"end":{"line":102,"column":52}},"102":{"start":{"line":103,"column":0},"end":{"line":103,"column":0}},"103":{"start":{"line":104,"column":0},"end":{"line":104,"column":25}},"104":{"start":{"line":105,"column":0},"end":{"line":105,"column":37}},"105":{"start":{"line":106,"column":0},"end":{"line":106,"column":16}},"106":{"start":{"line":107,"column":0},"end":{"line":107,"column":37}},"107":{"start":{"line":108,"column":0},"end":{"line":108,"column":6}},"108":{"start":{"line":109,"column":0},"end":{"line":109,"column":37}},"109":{"start":{"line":110,"column":0},"end":{"line":110,"column":0}},"110":{"start":{"line":111,"column":0},"end":{"line":111,"column":44}},"111":{"start":{"line":112,"column":0},"end":{"line":112,"column":47}},"112":{"start":{"line":113,"column":0},"end":{"line":113,"column":53}},"113":{"start":{"line":114,"column":0},"end":{"line":114,"column":0}},"114":{"start":{"line":115,"column":0},"end":{"line":115,"column":31}},"115":{"start":{"line":116,"column":0},"end":{"line":116,"column":31}},"116":{"start":{"line":117,"column":0},"end":{"line":117,"column":0}},"117":{"start":{"line":118,"column":0},"end":{"line":118,"column":77}},"118":{"start":{"line":119,"column":0},"end":{"line":119,"column":54}},"119":{"start":{"line":120,"column":0},"end":{"line":120,"column":38}},"120":{"start":{"line":121,"column":0},"end":{"line":121,"column":5}},"121":{"start":{"line":122,"column":0},"end":{"line":122,"column":0}},"122":{"start":{"line":123,"column":0},"end":{"line":123,"column":51}},"123":{"start":{"line":124,"column":0},"end":{"line":124,"column":25}},"124":{"start":{"line":125,"column":0},"end":{"line":125,"column":59}},"125":{"start":{"line":126,"column":0},"end":{"line":126,"column":5}},"126":{"start":{"line":127,"column":0},"end":{"line":127,"column":0}},"127":{"start":{"line":128,"column":0},"end":{"line":128,"column":35}},"128":{"start":{"line":129,"column":0},"end":{"line":129,"column":53}},"129":{"start":{"line":130,"column":0},"end":{"line":130,"column":49}},"130":{"start":{"line":131,"column":0},"end":{"line":131,"column":0}},"131":{"start":{"line":132,"column":0},"end":{"line":132,"column":22}},"132":{"start":{"line":133,"column":0},"end":{"line":133,"column":1}},"133":{"start":{"line":134,"column":0},"end":{"line":134,"column":0}},"134":{"start":{"line":135,"column":0},"end":{"line":135,"column":34}},"135":{"start":{"line":136,"column":0},"end":{"line":136,"column":0}},"136":{"start":{"line":137,"column":0},"end":{"line":137,"column":24}},"137":{"start":{"line":138,"column":0},"end":{"line":138,"column":52}},"138":{"start":{"line":139,"column":0},"end":{"line":139,"column":0}},"139":{"start":{"line":140,"column":0},"end":{"line":140,"column":25}},"140":{"start":{"line":141,"column":0},"end":{"line":141,"column":37}},"141":{"start":{"line":142,"column":0},"end":{"line":142,"column":16}},"142":{"start":{"line":143,"column":0},"end":{"line":143,"column":37}},"143":{"start":{"line":144,"column":0},"end":{"line":144,"column":6}},"144":{"start":{"line":145,"column":0},"end":{"line":145,"column":0}},"145":{"start":{"line":146,"column":0},"end":{"line":146,"column":37}},"146":{"start":{"line":147,"column":0},"end":{"line":147,"column":0}},"147":{"start":{"line":148,"column":0},"end":{"line":148,"column":15}},"148":{"start":{"line":149,"column":0},"end":{"line":149,"column":1}},"149":{"start":{"line":150,"column":0},"end":{"line":150,"column":0}},"150":{"start":{"line":151,"column":0},"end":{"line":151,"column":33}},"151":{"start":{"line":152,"column":0},"end":{"line":152,"column":47}},"152":{"start":{"line":153,"column":0},"end":{"line":153,"column":1}},"153":{"start":{"line":154,"column":0},"end":{"line":154,"column":0}},"154":{"start":{"line":155,"column":0},"end":{"line":155,"column":40}},"155":{"start":{"line":156,"column":0},"end":{"line":156,"column":0}},"156":{"start":{"line":157,"column":0},"end":{"line":157,"column":24}},"157":{"start":{"line":158,"column":0},"end":{"line":158,"column":52}},"158":{"start":{"line":159,"column":0},"end":{"line":159,"column":0}},"159":{"start":{"line":160,"column":0},"end":{"line":160,"column":25}},"160":{"start":{"line":161,"column":0},"end":{"line":161,"column":37}},"161":{"start":{"line":162,"column":0},"end":{"line":162,"column":16}},"162":{"start":{"line":163,"column":0},"end":{"line":163,"column":37}},"163":{"start":{"line":164,"column":0},"end":{"line":164,"column":6}},"164":{"start":{"line":165,"column":0},"end":{"line":165,"column":0}},"165":{"start":{"line":166,"column":0},"end":{"line":166,"column":37}},"166":{"start":{"line":167,"column":0},"end":{"line":167,"column":0}},"167":{"start":{"line":168,"column":0},"end":{"line":168,"column":34}},"168":{"start":{"line":169,"column":0},"end":{"line":169,"column":53}},"169":{"start":{"line":170,"column":0},"end":{"line":170,"column":62}},"170":{"start":{"line":171,"column":0},"end":{"line":171,"column":0}},"171":{"start":{"line":172,"column":0},"end":{"line":172,"column":22}},"172":{"start":{"line":173,"column":0},"end":{"line":173,"column":1}},"173":{"start":{"line":174,"column":0},"end":{"line":174,"column":0}},"174":{"start":{"line":175,"column":0},"end":{"line":175,"column":36}},"175":{"start":{"line":176,"column":0},"end":{"line":176,"column":39}},"176":{"start":{"line":177,"column":0},"end":{"line":177,"column":0}},"177":{"start":{"line":178,"column":0},"end":{"line":178,"column":15}},"178":{"start":{"line":179,"column":0},"end":{"line":179,"column":1}},"179":{"start":{"line":180,"column":0},"end":{"line":180,"column":0}},"180":{"start":{"line":181,"column":0},"end":{"line":181,"column":39}},"181":{"start":{"line":182,"column":0},"end":{"line":182,"column":0}},"182":{"start":{"line":183,"column":0},"end":{"line":183,"column":33}}},"s":{"0":1,"1":1,"2":1,"3":1,"4":1,"5":1,"6":1,"7":1,"8":1,"9":1,"10":1,"11":1,"12":10,"13":10,"14":10,"15":20,"16":20,"17":20,"18":2,"19":2,"20":2,"21":2,"22":2,"23":20,"24":8,"25":8,"26":8,"27":1,"28":1,"29":4,"30":4,"31":4,"32":4,"33":4,"34":4,"35":4,"36":4,"37":3,"38":3,"39":3,"40":3,"41":4,"42":2,"43":2,"44":2,"45":1,"46":1,"47":4,"48":4,"49":1,"50":1,"51":1,"52":1,"53":1,"54":1,"55":1,"56":1,"57":1,"58":1,"59":1,"60":1,"61":1,"62":1,"63":1,"64":1,"65":1,"66":1,"67":1,"68":1,"69":1,"70":1,"71":1,"72":1,"73":1,"74":1,"75":3,"76":3,"77":3,"78":3,"79":3,"80":3,"81":3,"82":3,"83":3,"84":3,"85":3,"86":3,"87":2,"88":2,"89":2,"90":3,"91":1,"92":1,"93":1,"94":1,"95":1,"96":1,"97":1,"98":1,"99":3,"100":3,"101":3,"102":3,"103":3,"104":3,"105":3,"106":3,"107":3,"108":3,"109":1,"110":1,"111":1,"112":1,"113":1,"114":1,"115":1,"116":1,"117":1,"118":3,"119":0,"120":0,"121":1,"122":1,"123":1,"124":1,"125":1,"126":1,"127":1,"128":1,"129":1,"130":1,"131":1,"132":1,"133":1,"134":1,"135":4,"136":4,"137":4,"138":3,"139":3,"140":3,"141":3,"142":3,"143":3,"144":3,"145":4,"146":1,"147":1,"148":1,"149":1,"150":1,"151":1,"152":1,"153":1,"154":1,"155":2,"156":2,"157":2,"158":1,"159":1,"160":1,"161":1,"162":1,"163":1,"164":1,"165":2,"166":1,"167":1,"168":1,"169":1,"170":1,"171":1,"172":1,"173":1,"174":1,"175":0,"176":0,"177":0,"178":0,"179":1,"180":1,"181":1,"182":1},"branchMap":{"0":{"type":"branch","line":12,"loc":{"start":{"line":12,"column":24},"end":{"line":27,"column":1}},"locations":[{"start":{"line":12,"column":24},"end":{"line":27,"column":1}}]},"1":{"type":"branch","line":15,"loc":{"start":{"line":15,"column":29},"end":{"line":24,"column":5}},"locations":[{"start":{"line":15,"column":29},"end":{"line":24,"column":5}}]},"2":{"type":"branch","line":18,"loc":{"start":{"line":18,"column":23},"end":{"line":18,"column":51}},"locations":[{"start":{"line":18,"column":23},"end":{"line":18,"column":51}}]},"3":{"type":"branch","line":18,"loc":{"start":{"line":18,"column":53},"end":{"line":23,"column":9}},"locations":[{"start":{"line":18,"column":53},"end":{"line":23,"column":9}}]},"4":{"type":"branch","line":24,"loc":{"start":{"line":24,"column":4},"end":{"line":27,"column":1}},"locations":[{"start":{"line":24,"column":4},"end":{"line":27,"column":1}}]},"5":{"type":"branch","line":29,"loc":{"start":{"line":29,"column":20},"end":{"line":45,"column":1}},"locations":[{"start":{"line":29,"column":20},"end":{"line":45,"column":1}}]},"6":{"type":"branch","line":37,"loc":{"start":{"line":37,"column":14},"end":{"line":37,"column":41}},"locations":[{"start":{"line":37,"column":14},"end":{"line":37,"column":41}}]},"7":{"type":"branch","line":38,"loc":{"start":{"line":38,"column":-2},"end":{"line":42,"column":28}},"locations":[{"start":{"line":38,"column":-2},"end":{"line":42,"column":28}}]},"8":{"type":"branch","line":42,"loc":{"start":{"line":42,"column":28},"end":{"line":45,"column":1}},"locations":[{"start":{"line":42,"column":28},"end":{"line":45,"column":1}}]},"9":{"type":"branch","line":42,"loc":{"start":{"line":42,"column":28},"end":{"line":42,"column":58}},"locations":[{"start":{"line":42,"column":28},"end":{"line":42,"column":58}}]},"10":{"type":"branch","line":47,"loc":{"start":{"line":47,"column":22},"end":{"line":49,"column":1}},"locations":[{"start":{"line":47,"column":22},"end":{"line":49,"column":1}}]},"11":{"type":"branch","line":51,"loc":{"start":{"line":51,"column":23},"end":{"line":53,"column":1}},"locations":[{"start":{"line":51,"column":23},"end":{"line":53,"column":1}}]},"12":{"type":"branch","line":57,"loc":{"start":{"line":57,"column":21},"end":{"line":73,"column":1}},"locations":[{"start":{"line":57,"column":21},"end":{"line":73,"column":1}}]},"13":{"type":"branch","line":75,"loc":{"start":{"line":75,"column":19},"end":{"line":97,"column":1}},"locations":[{"start":{"line":75,"column":19},"end":{"line":97,"column":1}}]},"14":{"type":"branch","line":87,"loc":{"start":{"line":87,"column":15},"end":{"line":87,"column":44}},"locations":[{"start":{"line":87,"column":15},"end":{"line":87,"column":44}}]},"15":{"type":"branch","line":88,"loc":{"start":{"line":88,"column":-2},"end":{"line":90,"column":55}},"locations":[{"start":{"line":88,"column":-2},"end":{"line":90,"column":55}}]},"16":{"type":"branch","line":91,"loc":{"start":{"line":91,"column":8},"end":{"line":97,"column":1}},"locations":[{"start":{"line":91,"column":8},"end":{"line":97,"column":1}}]},"17":{"type":"branch","line":99,"loc":{"start":{"line":99,"column":21},"end":{"line":133,"column":1}},"locations":[{"start":{"line":99,"column":21},"end":{"line":133,"column":1}}]},"18":{"type":"branch","line":102,"loc":{"start":{"line":102,"column":30},"end":{"line":102,"column":52}},"locations":[{"start":{"line":102,"column":30},"end":{"line":102,"column":52}}]},"19":{"type":"branch","line":109,"loc":{"start":{"line":109,"column":15},"end":{"line":109,"column":37}},"locations":[{"start":{"line":109,"column":15},"end":{"line":109,"column":37}}]},"20":{"type":"branch","line":110,"loc":{"start":{"line":110,"column":-2},"end":{"line":119,"column":51}},"locations":[{"start":{"line":110,"column":-2},"end":{"line":119,"column":51}}]},"21":{"type":"branch","line":119,"loc":{"start":{"line":119,"column":53},"end":{"line":121,"column":5}},"locations":[{"start":{"line":119,"column":53},"end":{"line":121,"column":5}}]},"22":{"type":"branch","line":121,"loc":{"start":{"line":121,"column":4},"end":{"line":133,"column":1}},"locations":[{"start":{"line":121,"column":4},"end":{"line":133,"column":1}}]},"23":{"type":"branch","line":135,"loc":{"start":{"line":135,"column":19},"end":{"line":149,"column":1}},"locations":[{"start":{"line":135,"column":19},"end":{"line":149,"column":1}}]},"24":{"type":"branch","line":138,"loc":{"start":{"line":138,"column":30},"end":{"line":138,"column":52}},"locations":[{"start":{"line":138,"column":30},"end":{"line":138,"column":52}}]},"25":{"type":"branch","line":139,"loc":{"start":{"line":139,"column":-2},"end":{"line":146,"column":15}},"locations":[{"start":{"line":139,"column":-2},"end":{"line":146,"column":15}}]},"26":{"type":"branch","line":146,"loc":{"start":{"line":146,"column":15},"end":{"line":149,"column":1}},"locations":[{"start":{"line":146,"column":15},"end":{"line":149,"column":1}}]},"27":{"type":"branch","line":147,"loc":{"start":{"line":147,"column":-2},"end":{"line":149,"column":1}},"locations":[{"start":{"line":147,"column":-2},"end":{"line":149,"column":1}}]},"28":{"type":"branch","line":151,"loc":{"start":{"line":151,"column":20},"end":{"line":153,"column":1}},"locations":[{"start":{"line":151,"column":20},"end":{"line":153,"column":1}}]},"29":{"type":"branch","line":155,"loc":{"start":{"line":155,"column":25},"end":{"line":173,"column":1}},"locations":[{"start":{"line":155,"column":25},"end":{"line":173,"column":1}}]},"30":{"type":"branch","line":158,"loc":{"start":{"line":158,"column":30},"end":{"line":166,"column":15}},"locations":[{"start":{"line":158,"column":30},"end":{"line":166,"column":15}}]},"31":{"type":"branch","line":166,"loc":{"start":{"line":166,"column":15},"end":{"line":166,"column":37}},"locations":[{"start":{"line":166,"column":15},"end":{"line":166,"column":37}}]},"32":{"type":"branch","line":167,"loc":{"start":{"line":167,"column":-2},"end":{"line":173,"column":1}},"locations":[{"start":{"line":167,"column":-2},"end":{"line":173,"column":1}}]}},"b":{"0":[10],"1":[20],"2":[19],"3":[2],"4":[8],"5":[4],"6":[1],"7":[3],"8":[2],"9":[1],"10":[4],"11":[1],"12":[1],"13":[3],"14":[1],"15":[2],"16":[1],"17":[3],"18":[0],"19":[2],"20":[1],"21":[0],"22":[1],"23":[4],"24":[1],"25":[3],"26":[2],"27":[1],"28":[1],"29":[2],"30":[1],"31":[0],"32":[1]},"fnMap":{"0":{"name":"validateFields","decl":{"start":{"line":12,"column":24},"end":{"line":27,"column":1}},"loc":{"start":{"line":12,"column":24},"end":{"line":27,"column":1}},"line":12},"1":{"name":"verifyEmail","decl":{"start":{"line":29,"column":20},"end":{"line":45,"column":1}},"loc":{"start":{"line":29,"column":20},"end":{"line":45,"column":1}},"line":29},"2":{"name":"hashPassword","decl":{"start":{"line":47,"column":22},"end":{"line":49,"column":1}},"loc":{"start":{"line":47,"column":22},"end":{"line":49,"column":1}},"line":47},"3":{"name":"generateToken","decl":{"start":{"line":51,"column":23},"end":{"line":53,"column":1}},"loc":{"start":{"line":51,"column":23},"end":{"line":53,"column":1}},"line":51},"4":{"name":"Object.<anonymous>.exports.createUser","decl":{"start":{"line":57,"column":21},"end":{"line":73,"column":1}},"loc":{"start":{"line":57,"column":21},"end":{"line":73,"column":1}},"line":57},"5":{"name":"Object.<anonymous>.exports.authUser","decl":{"start":{"line":75,"column":19},"end":{"line":97,"column":1}},"loc":{"start":{"line":75,"column":19},"end":{"line":97,"column":1}},"line":75},"6":{"name":"Object.<anonymous>.exports.updateUser","decl":{"start":{"line":99,"column":21},"end":{"line":133,"column":1}},"loc":{"start":{"line":99,"column":21},"end":{"line":133,"column":1}},"line":99},"7":{"name":"Object.<anonymous>.exports.findUser","decl":{"start":{"line":135,"column":19},"end":{"line":149,"column":1}},"loc":{"start":{"line":135,"column":19},"end":{"line":149,"column":1}},"line":135},"8":{"name":"Object.<anonymous>.exports.listUsers","decl":{"start":{"line":151,"column":20},"end":{"line":153,"column":1}},"loc":{"start":{"line":151,"column":20},"end":{"line":153,"column":1}},"line":151},"9":{"name":"Object.<anonymous>.exports.softDeleteUser","decl":{"start":{"line":155,"column":25},"end":{"line":173,"column":1}},"loc":{"start":{"line":155,"column":25},"end":{"line":173,"column":1}},"line":155},"10":{"name":"Object.<anonymous>.exports.generateSALT","decl":{"start":{"line":175,"column":23},"end":{"line":179,"column":1}},"loc":{"start":{"line":175,"column":23},"end":{"line":179,"column":1}},"line":175}},"f":{"0":10,"1":4,"2":4,"3":1,"4":1,"5":3,"6":3,"7":4,"8":1,"9":2,"10":0}}
}
