TN:
SF:src\config.js
FNF:0
FNH:0
DA:1,1
DA:2,1
LF:2
LH:2
BRF:0
BRH:0
end_of_record
TN:
SF:src\errors.js
FNF:0
FNH:0
DA:1,1
DA:2,1
DA:3,1
DA:4,1
DA:5,1
DA:6,1
DA:7,1
DA:8,1
LF:8
LH:8
BRF:0
BRH:0
end_of_record
TN:
SF:src\models.js
FNF:0
FNH:0
DA:1,1
DA:2,1
DA:3,1
DA:4,1
DA:5,1
DA:6,1
DA:7,1
DA:8,1
DA:9,1
DA:10,1
DA:11,1
DA:12,1
DA:13,1
DA:14,1
DA:15,1
DA:16,1
DA:17,1
DA:18,1
DA:19,1
DA:20,1
DA:21,1
DA:22,1
DA:23,1
DA:24,1
DA:25,1
DA:26,1
DA:27,1
DA:28,1
DA:29,1
DA:30,1
DA:31,1
DA:32,1
DA:33,1
DA:34,1
DA:35,1
DA:36,1
LF:36
LH:36
BRF:0
BRH:0
end_of_record
TN:
SF:src\services\dashboard_service.js
FN:3,Object.<anonymous>.exports.listMyHouses
FNF:1
FNH:1
FNDA:1,Object.<anonymous>.exports.listMyHouses
DA:1,1
DA:2,1
DA:3,1
DA:4,1
DA:5,1
DA:6,1
DA:7,1
LF:7
LH:7
BRDA:3,0,0,1
BRF:1
BRH:1
end_of_record
TN:
SF:src\services\house_service.js
FN:7,Object.<anonymous>.exports.createHouse
FN:20,Object.<anonymous>.exports.listHouses
FN:27,Object.<anonymous>.exports.updateHouse
FN:56,Object.<anonymous>.exports.deleteHouse
FNF:4
FNH:4
FNDA:1,Object.<anonymous>.exports.createHouse
FNDA:1,Object.<anonymous>.exports.listHouses
FNDA:5,Object.<anonymous>.exports.updateHouse
FNDA:4,Object.<anonymous>.exports.deleteHouse
DA:1,1
DA:2,1
DA:3,1
DA:4,1
DA:5,1
DA:6,1
DA:7,1
DA:8,1
DA:9,1
DA:10,1
DA:11,1
DA:12,1
DA:13,1
DA:14,1
DA:15,1
DA:16,1
DA:17,1
DA:18,1
DA:19,1
DA:20,1
DA:21,1
DA:22,1
DA:23,1
DA:24,1
DA:25,1
DA:26,1
DA:27,1
DA:28,5
DA:29,5
DA:30,5
DA:31,4
DA:32,4
DA:33,4
DA:34,5
DA:35,3
DA:36,3
DA:37,5
DA:38,1
DA:39,1
DA:40,2
DA:41,2
DA:42,5
DA:43,1
DA:44,1
DA:45,1
DA:46,1
DA:47,1
DA:48,1
DA:49,1
DA:50,1
DA:51,1
DA:52,1
DA:53,1
DA:54,1
DA:55,1
DA:56,1
DA:57,4
DA:58,4
DA:59,4
DA:60,3
DA:61,3
DA:62,3
DA:63,4
DA:64,2
DA:65,2
DA:66,4
DA:67,1
DA:68,1
DA:69,1
DA:70,1
DA:71,1
DA:72,1
DA:73,1
DA:74,1
LF:74
LH:74
BRDA:7,0,0,1
BRDA:20,1,0,1
BRDA:27,2,0,5
BRDA:30,3,0,1
BRDA:31,4,0,4
BRDA:34,5,0,1
BRDA:35,6,0,3
BRDA:37,7,0,2
BRDA:37,8,0,1
BRDA:39,9,0,2
BRDA:42,10,0,1
BRDA:56,11,0,4
BRDA:59,12,0,1
BRDA:60,13,0,3
BRDA:63,14,0,1
BRDA:64,15,0,2
BRDA:66,16,0,1
BRF:17
BRH:17
end_of_record
TN:
SF:src\services\reserve_service.js
FN:6,Object.<anonymous>.exports.createReserve
FN:37,Object.<anonymous>.exports.listMyReserves
FN:46,Object.<anonymous>.exports.cancelReserve
FNF:3
FNH:3
FNDA:4,Object.<anonymous>.exports.createReserve
FNDA:1,Object.<anonymous>.exports.listMyReserves
FNDA:4,Object.<anonymous>.exports.cancelReserve
DA:1,1
DA:2,1
DA:3,1
DA:4,1
DA:5,1
DA:6,1
DA:7,4
DA:8,4
DA:9,4
DA:10,3
DA:11,3
DA:12,3
DA:13,4
DA:14,1
DA:15,1
DA:16,2
DA:17,2
DA:18,2
DA:19,4
DA:20,1
DA:21,1
DA:22,1
DA:23,1
DA:24,1
DA:25,1
DA:26,1
DA:27,1
DA:28,1
DA:29,1
DA:30,1
DA:31,1
DA:32,1
DA:33,1
DA:34,1
DA:35,1
DA:36,1
DA:37,1
DA:38,1
DA:39,1
DA:40,1
DA:41,1
DA:42,1
DA:43,1
DA:44,1
DA:45,1
DA:46,1
DA:47,4
DA:48,4
DA:49,4
DA:50,3
DA:51,3
DA:52,3
DA:53,4
DA:54,2
DA:55,2
DA:56,4
DA:57,1
DA:58,1
DA:59,1
DA:60,1
DA:61,1
DA:62,1
DA:63,1
DA:64,1
LF:64
LH:64
BRDA:6,0,0,4
BRDA:9,1,0,1
BRDA:10,2,0,3
BRDA:13,3,0,1
BRDA:15,4,0,2
BRDA:19,5,0,1
BRDA:37,6,0,1
BRDA:46,7,0,4
BRDA:49,8,0,1
BRDA:50,9,0,3
BRDA:53,10,0,1
BRDA:54,11,0,2
BRDA:56,12,0,1
BRF:13
BRH:13
end_of_record
TN:
SF:src\services\user_service.js
FN:11,validateFields
FN:28,verifyEmail
FN:46,hashPassword
FN:50,generateToken
FN:56,Object.<anonymous>.exports.createUser
FN:74,Object.<anonymous>.exports.authUser
FN:98,Object.<anonymous>.exports.updateUser
FN:134,Object.<anonymous>.exports.findUser
FN:150,Object.<anonymous>.exports.listUsers
FN:154,Object.<anonymous>.exports.softDeleteUser
FN:174,Object.<anonymous>.exports.generateSALT
FNF:11
FNH:10
FNDA:10,validateFields
FNDA:4,verifyEmail
FNDA:4,hashPassword
FNDA:1,generateToken
FNDA:1,Object.<anonymous>.exports.createUser
FNDA:3,Object.<anonymous>.exports.authUser
FNDA:3,Object.<anonymous>.exports.updateUser
FNDA:4,Object.<anonymous>.exports.findUser
FNDA:1,Object.<anonymous>.exports.listUsers
FNDA:2,Object.<anonymous>.exports.softDeleteUser
FNDA:0,Object.<anonymous>.exports.generateSALT
DA:1,1
DA:2,1
DA:3,1
DA:4,1
DA:5,1
DA:6,1
DA:7,1
DA:8,1
DA:9,1
DA:10,1
DA:11,1
DA:12,10
DA:13,10
DA:14,10
DA:15,20
DA:16,20
DA:17,20
DA:18,2
DA:19,2
DA:20,2
DA:21,2
DA:22,2
DA:23,20
DA:24,8
DA:25,8
DA:26,8
DA:27,1
DA:28,1
DA:29,4
DA:30,4
DA:31,4
DA:32,4
DA:33,4
DA:34,4
DA:35,4
DA:36,4
DA:37,3
DA:38,3
DA:39,3
DA:40,3
DA:41,4
DA:42,2
DA:43,2
DA:44,2
DA:45,1
DA:46,1
DA:47,4
DA:48,4
DA:49,1
DA:50,1
DA:51,1
DA:52,1
DA:53,1
DA:54,1
DA:55,1
DA:56,1
DA:57,1
DA:58,1
DA:59,1
DA:60,1
DA:61,1
DA:62,1
DA:63,1
DA:64,1
DA:65,1
DA:66,1
DA:67,1
DA:68,1
DA:69,1
DA:70,1
DA:71,1
DA:72,1
DA:73,1
DA:74,1
DA:75,3
DA:76,3
DA:77,3
DA:78,3
DA:79,3
DA:80,3
DA:81,3
DA:82,3
DA:83,3
DA:84,3
DA:85,3
DA:86,3
DA:87,2
DA:88,2
DA:89,2
DA:90,3
DA:91,1
DA:92,1
DA:93,1
DA:94,1
DA:95,1
DA:96,1
DA:97,1
DA:98,1
DA:99,3
DA:100,3
DA:101,3
DA:102,2
DA:103,2
DA:104,2
DA:105,2
DA:106,2
DA:107,2
DA:108,3
DA:109,1
DA:110,1
DA:111,1
DA:112,1
DA:113,1
DA:114,1
DA:115,1
DA:116,1
DA:117,1
DA:118,3
DA:119,0
DA:120,0
DA:121,1
DA:122,1
DA:123,1
DA:124,1
DA:125,1
DA:126,1
DA:127,1
DA:128,1
DA:129,1
DA:130,1
DA:131,1
DA:132,1
DA:133,1
DA:134,1
DA:135,4
DA:136,4
DA:137,4
DA:138,3
DA:139,3
DA:140,3
DA:141,3
DA:142,3
DA:143,3
DA:144,3
DA:145,4
DA:146,1
DA:147,1
DA:148,1
DA:149,1
DA:150,1
DA:151,1
DA:152,1
DA:153,1
DA:154,1
DA:155,2
DA:156,2
DA:157,2
DA:158,1
DA:159,1
DA:160,1
DA:161,1
DA:162,1
DA:163,1
DA:164,1
DA:165,2
DA:166,1
DA:167,1
DA:168,1
DA:169,1
DA:170,1
DA:171,1
DA:172,1
DA:173,1
DA:174,1
DA:175,0
DA:176,0
DA:177,0
DA:178,0
DA:179,1
DA:180,1
DA:181,1
DA:182,1
LF:182
LH:176
BRDA:11,0,0,10
BRDA:14,1,0,20
BRDA:17,2,0,19
BRDA:17,3,0,2
BRDA:23,4,0,8
BRDA:28,5,0,4
BRDA:36,6,0,1
BRDA:37,7,0,3
BRDA:41,8,0,2
BRDA:41,9,0,1
BRDA:46,10,0,4
BRDA:50,11,0,1
BRDA:56,12,0,1
BRDA:74,13,0,3
BRDA:86,14,0,1
BRDA:87,15,0,2
BRDA:90,16,0,1
BRDA:98,17,0,3
BRDA:101,18,0,1
BRDA:102,19,0,2
BRDA:108,20,0,1
BRDA:118,21,0,0
BRDA:120,22,0,1
BRDA:134,23,0,4
BRDA:137,24,0,1
BRDA:138,25,0,3
BRDA:145,26,0,2
BRDA:146,27,0,1
BRDA:150,28,0,1
BRDA:154,29,0,2
BRDA:157,30,0,1
BRDA:165,31,0,0
BRDA:166,32,0,1
BRF:33
BRH:31
end_of_record
