TN:
SF:src\config.js
FNF:0
FNH:0
DA:1,1
DA:2,1
LF:2
LH:2
BRF:0
BRH:0
end_of_record
TN:
SF:src\errors.js
FNF:0
FNH:0
DA:1,1
DA:2,1
DA:3,1
DA:4,1
DA:5,1
DA:6,1
DA:7,1
DA:8,1
LF:8
LH:8
BRF:0
BRH:0
end_of_record
TN:
SF:src\services\user_service.js
FN:9,Object.<anonymous>.exports.createUser
FN:39,Object.<anonymous>.exports.authUser
FN:67,Object.<anonymous>.exports.listUsers
FN:71,Object.<anonymous>.exports.findUser
FN:89,Object.<anonymous>.exports.updateUser
FN:131,Object.<anonymous>.exports.softDeleteUser
FN:151,Object.<anonymous>.exports.hardDeleteUser
FN:155,Object.<anonymous>.exports.generateSALT
FN:163,findByEmail
FN:172,hashPassword
FN:176,generateToken
FNF:11
FNH:8
FNDA:8,Object.<anonymous>.exports.createUser
FNDA:8,Object.<anonymous>.exports.authUser
FNDA:0,Object.<anonymous>.exports.listUsers
FNDA:6,Object.<anonymous>.exports.findUser
FNDA:11,Object.<anonymous>.exports.updateUser
FNDA:2,Object.<anonymous>.exports.softDeleteUser
FNDA:0,Object.<anonymous>.exports.hardDeleteUser
FNDA:0,Object.<anonymous>.exports.generateSALT
FNDA:4,findByEmail
FNDA:5,hashPassword
FNDA:1,generateToken
DA:1,1
DA:2,1
DA:3,1
DA:4,1
DA:5,1
DA:6,1
DA:7,1
DA:8,1
DA:9,1
DA:10,8
DA:11,8
DA:12,8
DA:13,2
DA:14,2
DA:15,6
DA:16,8
DA:17,2
DA:18,2
DA:19,4
DA:20,8
DA:21,2
DA:22,2
DA:23,2
DA:24,2
DA:25,2
DA:26,8
DA:27,1
DA:28,1
DA:29,1
DA:30,1
DA:31,1
DA:32,1
DA:33,1
DA:34,1
DA:35,1
DA:36,1
DA:37,1
DA:38,1
DA:39,1
DA:40,8
DA:41,8
DA:42,8
DA:43,2
DA:44,2
DA:45,6
DA:46,8
DA:47,2
DA:48,2
DA:49,4
DA:50,4
DA:51,4
DA:52,8
DA:53,2
DA:54,2
DA:55,2
DA:56,2
DA:57,8
DA:58,1
DA:59,1
DA:60,1
DA:61,1
DA:62,1
DA:63,1
DA:64,1
DA:65,1
DA:66,1
DA:67,1
DA:68,0
DA:69,0
DA:70,1
DA:71,1
DA:72,6
DA:73,6
DA:74,6
DA:75,1
DA:76,1
DA:77,5
DA:78,5
DA:79,5
DA:80,5
DA:81,5
DA:82,6
DA:83,4
DA:84,4
DA:85,1
DA:86,1
DA:87,1
DA:88,1
DA:89,1
DA:90,11
DA:91,11
DA:92,11
DA:93,1
DA:94,1
DA:95,10
DA:96,10
DA:97,10
DA:98,11
DA:99,8
DA:100,8
DA:101,11
DA:102,2
DA:103,2
DA:104,6
DA:105,11
DA:106,2
DA:107,2
DA:108,4
DA:109,11
DA:110,2
DA:111,2
DA:112,2
DA:113,2
DA:114,2
DA:115,2
DA:116,2
DA:117,2
DA:118,2
DA:119,2
DA:120,1
DA:121,1
DA:122,1
DA:123,1
DA:124,1
DA:125,1
DA:126,1
DA:127,1
DA:128,1
DA:129,1
DA:130,1
DA:131,1
DA:132,2
DA:133,2
DA:134,2
DA:135,1
DA:136,1
DA:137,1
DA:138,1
DA:139,1
DA:140,2
DA:141,0
DA:142,0
DA:143,1
DA:144,1
DA:145,1
DA:146,1
DA:147,1
DA:148,1
DA:149,1
DA:150,1
DA:151,1
DA:152,0
DA:153,0
DA:154,1
DA:155,1
DA:156,0
DA:157,0
DA:158,0
DA:159,0
DA:160,1
DA:161,1
DA:162,1
DA:163,1
DA:164,4
DA:165,4
DA:166,4
DA:167,4
DA:168,4
DA:169,4
DA:170,4
DA:171,1
DA:172,1
DA:173,5
DA:174,5
DA:175,1
DA:176,1
DA:177,1
DA:178,1
LF:178
LH:168
BRDA:9,0,0,8
BRDA:12,1,0,7
BRDA:12,2,0,2
BRDA:14,3,0,6
BRDA:16,4,0,5
BRDA:16,5,0,2
BRDA:18,6,0,4
BRDA:20,7,0,3
BRDA:20,8,0,2
BRDA:26,9,0,1
BRDA:39,10,0,8
BRDA:42,11,0,7
BRDA:42,12,0,2
BRDA:44,13,0,6
BRDA:46,14,0,5
BRDA:46,15,0,2
BRDA:48,16,0,4
BRDA:52,17,0,3
BRDA:52,18,0,2
BRDA:57,19,0,1
BRDA:71,20,0,6
BRDA:74,21,0,1
BRDA:76,22,0,5
BRDA:82,23,0,3
BRDA:82,24,0,4
BRDA:84,25,0,1
BRDA:89,26,0,11
BRDA:92,27,0,1
BRDA:94,28,0,10
BRDA:98,29,0,9
BRDA:98,30,0,2
BRDA:99,31,0,8
BRDA:101,32,0,7
BRDA:101,33,0,2
BRDA:103,34,0,6
BRDA:105,35,0,5
BRDA:105,36,0,2
BRDA:107,37,0,4
BRDA:109,38,0,3
BRDA:109,39,0,2
BRDA:118,40,0,1
BRDA:119,41,0,1
BRDA:131,42,0,2
BRDA:134,43,0,1
BRDA:140,44,0,0
BRDA:142,45,0,1
BRDA:163,46,0,4
BRDA:172,47,0,5
BRDA:176,48,0,1
BRF:49
BRH:48
end_of_record
